<?xml version="1.0" encoding="UTF-8"?>
<!-- Generated by org.testng.reporters.JUnitReportReporter -->
<testsuite name="com.framework.testcases.TC_001_Validate_Login_Page" tests="1" time="38.221" ignored="0" failures="0" timestamp="22 Jun 2020 08:31:00 GMT" skipped="0" hostname="DESKTOP-8FKLJ50" errors="0">
  <testcase name="TC_001_Validate_Login_Page" time="38.221" classname="com.framework.testcases.TC_001_Validate_Login_Page"/>
</testsuite> <!-- com.framework.testcases.TC_001_Validate_Login_Page -->
